[debug] [2025-02-05T02:38:35.050Z] ----------------------------------------------------------------------
[debug] [2025-02-05T02:38:35.056Z] Command:       /opt/homebrew/Cellar/node/23.5.0/bin/node /opt/homebrew/bin/firebase init
[debug] [2025-02-05T02:38:35.056Z] CLI Version:   13.30.0
[debug] [2025-02-05T02:38:35.056Z] Platform:      darwin
[debug] [2025-02-05T02:38:35.056Z] Node Version:  v23.5.0
[debug] [2025-02-05T02:38:35.056Z] Time:          Wed Feb 05 2025 13:38:35 GMT+1100 (Australian Eastern Daylight Time)
[debug] [2025-02-05T02:38:35.056Z] ----------------------------------------------------------------------
[debug] 
[debug] [2025-02-05T02:38:35.060Z] > command requires scopes: ["email","openid","https://www.googleapis.com/auth/cloudplatformprojects.readonly","https://www.googleapis.com/auth/firebase","https://www.googleapis.com/auth/cloud-platform"]
[debug] [2025-02-05T02:38:35.061Z] > authorizing via signed-in user (bronihill8@gmail.com)
[info] 
     ######## #### ########  ######## ########     ###     ######  ########
     ##        ##  ##     ## ##       ##     ##  ##   ##  ##       ##
     ######    ##  ########  ######   ########  #########  ######  ######
     ##        ##  ##    ##  ##       ##     ## ##     ##       ## ##
     ##       #### ##     ## ######## ########  ##     ##  ######  ########

You're about to initialize a Firebase project in this directory:

  /Users/home/Library/Mobile Documents/com~apple~CloudDocs/Work/Projects/isabellas-author-site/frontend

[info] 
=== Project Setup
[info] 
[info] First, let's associate this project directory with a Firebase project.
[info] You can create multiple project aliases by running firebase use --add, 
[info] but for now we'll just set up a default project.
[info] 
[debug] [2025-02-05T02:38:41.561Z] Checked if tokens are valid: true, expires at: 1738726470956
[debug] [2025-02-05T02:38:41.561Z] Checked if tokens are valid: true, expires at: 1738726470956
[debug] [2025-02-05T02:38:41.563Z] >>> [apiv2][query] GET https://firebase.googleapis.com/v1beta1/projects pageSize=100
[debug] [2025-02-05T02:38:42.652Z] <<< [apiv2][status] GET https://firebase.googleapis.com/v1beta1/projects 200
[debug] [2025-02-05T02:38:42.652Z] <<< [apiv2][body] GET https://firebase.googleapis.com/v1beta1/projects [omitted]
[info] i  Using project isabellaeichleronus-ac8fb (Isabellaeichleronus) 
[info] 
=== Dataconnect Setup
[debug] [2025-02-05T02:38:43.449Z] Checked if tokens are valid: true, expires at: 1738726470956
[debug] [2025-02-05T02:38:43.449Z] Checked if tokens are valid: true, expires at: 1738726470956
[debug] [2025-02-05T02:38:43.449Z] >>> [apiv2][query] GET https://cloudbilling.googleapis.com/v1/projects/isabellaeichleronus-ac8fb/billingInfo [none]
[debug] [2025-02-05T02:38:45.179Z] <<< [apiv2][status] GET https://cloudbilling.googleapis.com/v1/projects/isabellaeichleronus-ac8fb/billingInfo 200
[debug] [2025-02-05T02:38:45.180Z] <<< [apiv2][body] GET https://cloudbilling.googleapis.com/v1/projects/isabellaeichleronus-ac8fb/billingInfo {"name":"projects/isabellaeichleronus-ac8fb/billingInfo","projectId":"isabellaeichleronus-ac8fb","billingAccountName":"","billingEnabled":false}
[info] i  dataconnect: ensuring required API sqladmin.googleapis.com is enabled... 
[debug] [2025-02-05T02:38:45.181Z] Checked if tokens are valid: true, expires at: 1738726470956
[debug] [2025-02-05T02:38:45.181Z] Checked if tokens are valid: true, expires at: 1738726470956
[debug] [2025-02-05T02:38:45.181Z] >>> [apiv2][query] GET https://serviceusage.googleapis.com/v1/projects/isabellaeichleronus-ac8fb/services/sqladmin.googleapis.com [none]
[debug] [2025-02-05T02:38:45.181Z] >>> [apiv2][(partial)header] GET https://serviceusage.googleapis.com/v1/projects/isabellaeichleronus-ac8fb/services/sqladmin.googleapis.com x-goog-quota-user=projects/isabellaeichleronus-ac8fb
[debug] [2025-02-05T02:38:46.598Z] <<< [apiv2][status] GET https://serviceusage.googleapis.com/v1/projects/isabellaeichleronus-ac8fb/services/sqladmin.googleapis.com 200
[debug] [2025-02-05T02:38:46.598Z] <<< [apiv2][body] GET https://serviceusage.googleapis.com/v1/projects/isabellaeichleronus-ac8fb/services/sqladmin.googleapis.com [omitted]
[info] ✔  dataconnect: required API sqladmin.googleapis.com is enabled 
[info] i  dataconnect/dataconnect.yaml is unchanged 
[info] i  dataconnect/schema/schema.gql is unchanged 
[info] ✔  Wrote dataconnect/connector/connector.yaml 
[info] i  dataconnect/connector/queries.gql is unchanged 
[info] i  dataconnect/connector/mutations.gql is unchanged 
[info] ✔  Detected WEB app in directory /Users/home/Library/Mobile Documents/com~apple~CloudDocs/Work/Projects/isabellas-author-site/frontend 
[info] i  Wrote new config to /Users/home/Library/Mobile Documents/com~apple~CloudDocs/Work/Projects/isabellas-author-site/frontend/dataconnect/connector/connector.yaml 
[info] I0205 13:38:58.306052    2908 codegen.go:82] [connector "default" javascriptSdk] Generating sources into "/Users/home/Library/Mobile Documents/com~apple~CloudDocs/Work/Projects/isabellas-author-site/frontend/dataconnect-generated/js/default-connector"
I0205 13:38:58.315498    2908 generate.go:40] Generated all sources. Writing them to disk...
I0205 13:38:58.316972    2908 collector.go:107] connector "default" javascriptSdk wrote into "/Users/home/Library/Mobile Documents/com~apple~CloudDocs/Work/Projects/isabellas-author-site/frontend/dataconnect-generated/js/default-connector"
Generated sources: index.cjs.js [208B] package.json [634B] README.md [2740B] index.d.ts [261B] esm/index.esm.js [167B] esm/package.json [17B] 
I0205 13:38:58.323114    2908 installsdk.go:48] Package @firebasegen/default-connector is already installed. Skipping installation

[info] i  Generated SDK code for default 
[info] ✔  If you'd like to add more generated SDKs to your app your later, run firebase init dataconnect:sdk again 
[info] i  If you'd like to provision a CloudSQL Postgres instance on the Firebase Data Connect no-cost trial:
1. Please upgrade to the pay-as-you-go (Blaze) billing plan. Visit the following page:
     https://console.firebase.google.com/project/isabellaeichleronus-ac8fb/usage/details
2. Run firebase init dataconnect again to configure the Cloud SQL instance.
3. Run firebase deploy --only dataconnect to deploy your Data Connect service. 
[info] 
=== Firestore Setup
[debug] [2025-02-05T02:38:58.326Z] Checked if tokens are valid: true, expires at: 1738726470956
[debug] [2025-02-05T02:38:58.326Z] Checked if tokens are valid: true, expires at: 1738726470956
[debug] [2025-02-05T02:38:58.326Z] >>> [apiv2][query] GET https://serviceusage.googleapis.com/v1/projects/isabellaeichleronus-ac8fb/services/firestore.googleapis.com [none]
[debug] [2025-02-05T02:38:58.326Z] >>> [apiv2][(partial)header] GET https://serviceusage.googleapis.com/v1/projects/isabellaeichleronus-ac8fb/services/firestore.googleapis.com x-goog-quota-user=projects/isabellaeichleronus-ac8fb
[debug] [2025-02-05T02:38:58.928Z] <<< [apiv2][status] GET https://serviceusage.googleapis.com/v1/projects/isabellaeichleronus-ac8fb/services/firestore.googleapis.com 200
[debug] [2025-02-05T02:38:58.929Z] <<< [apiv2][body] GET https://serviceusage.googleapis.com/v1/projects/isabellaeichleronus-ac8fb/services/firestore.googleapis.com [omitted]
[debug] [2025-02-05T02:38:58.929Z] Checked if tokens are valid: true, expires at: 1738726470956
[debug] [2025-02-05T02:38:58.930Z] Checked if tokens are valid: true, expires at: 1738726470956
[debug] [2025-02-05T02:38:58.930Z] >>> [apiv2][query] GET https://firestore.googleapis.com/v1/projects/isabellaeichleronus-ac8fb/databases/(default) [none]
[debug] [2025-02-05T02:38:59.594Z] <<< [apiv2][status] GET https://firestore.googleapis.com/v1/projects/isabellaeichleronus-ac8fb/databases/(default) 200
[debug] [2025-02-05T02:38:59.594Z] <<< [apiv2][body] GET https://firestore.googleapis.com/v1/projects/isabellaeichleronus-ac8fb/databases/(default) {"name":"projects/isabellaeichleronus-ac8fb/databases/(default)","uid":"786614df-e592-4c9c-90e8-0790bf248d5c","createTime":"2025-02-05T02:38:12.193723Z","updateTime":"2025-02-05T02:38:12.193723Z","locationId":"australia-southeast2","type":"FIRESTORE_NATIVE","concurrencyMode":"PESSIMISTIC","versionRetentionPeriod":"3600s","earliestVersionTime":"2025-02-05T02:38:12.193723Z","appEngineIntegrationMode":"DISABLED","pointInTimeRecoveryEnablement":"POINT_IN_TIME_RECOVERY_DISABLED","deleteProtectionState":"DELETE_PROTECTION_DISABLED","databaseEdition":"STANDARD","etag":"IMem5bjAq4sDMLvDl6LAq4sD"}
[debug] [2025-02-05T02:38:59.594Z] database_type: FIRESTORE_NATIVE
[debug] [2025-02-05T02:38:59.594Z] database_type: FIRESTORE_NATIVE
[debug] [2025-02-05T02:38:59.595Z] > command requires scopes: ["email","openid","https://www.googleapis.com/auth/cloudplatformprojects.readonly","https://www.googleapis.com/auth/firebase","https://www.googleapis.com/auth/cloud-platform"]
[debug] [2025-02-05T02:38:59.595Z] > authorizing via signed-in user (bronihill8@gmail.com)
[debug] [2025-02-05T02:38:59.595Z] [iam] checking project isabellaeichleronus-ac8fb for permissions ["firebase.projects.get"]
[debug] [2025-02-05T02:38:59.595Z] Checked if tokens are valid: true, expires at: 1738726470956
[debug] [2025-02-05T02:38:59.596Z] Checked if tokens are valid: true, expires at: 1738726470956
[debug] [2025-02-05T02:38:59.596Z] >>> [apiv2][query] POST https://cloudresourcemanager.googleapis.com/v1/projects/isabellaeichleronus-ac8fb:testIamPermissions [none]
[debug] [2025-02-05T02:38:59.596Z] >>> [apiv2][(partial)header] POST https://cloudresourcemanager.googleapis.com/v1/projects/isabellaeichleronus-ac8fb:testIamPermissions x-goog-quota-user=projects/isabellaeichleronus-ac8fb
[debug] [2025-02-05T02:38:59.596Z] >>> [apiv2][body] POST https://cloudresourcemanager.googleapis.com/v1/projects/isabellaeichleronus-ac8fb:testIamPermissions {"permissions":["firebase.projects.get"]}
[debug] [2025-02-05T02:39:00.709Z] <<< [apiv2][status] POST https://cloudresourcemanager.googleapis.com/v1/projects/isabellaeichleronus-ac8fb:testIamPermissions 200
[debug] [2025-02-05T02:39:00.710Z] <<< [apiv2][body] POST https://cloudresourcemanager.googleapis.com/v1/projects/isabellaeichleronus-ac8fb:testIamPermissions {"permissions":["firebase.projects.get"]}
[info] 
[info] Firestore Security Rules allow you to define how and when to allow
[info] requests. You can keep these rules in your project directory
[info] and publish them with firebase deploy.
[info] 
[debug] [2025-02-05T02:39:25.214Z] Checked if tokens are valid: true, expires at: 1738726470956
[debug] [2025-02-05T02:39:25.214Z] Checked if tokens are valid: true, expires at: 1738726470956
[debug] [2025-02-05T02:39:25.215Z] >>> [apiv2][query] GET https://firebaserules.googleapis.com/v1/projects/isabellaeichleronus-ac8fb/releases pageSize=10&pageToken=
[debug] [2025-02-05T02:39:27.190Z] <<< [apiv2][status] GET https://firebaserules.googleapis.com/v1/projects/isabellaeichleronus-ac8fb/releases 200
[debug] [2025-02-05T02:39:27.191Z] <<< [apiv2][body] GET https://firebaserules.googleapis.com/v1/projects/isabellaeichleronus-ac8fb/releases {"releases":[{"name":"projects/isabellaeichleronus-ac8fb/releases/cloud.firestore","rulesetName":"projects/isabellaeichleronus-ac8fb/rulesets/747fbf73-72da-49a0-b19f-f34d761ea48e","createTime":"2025-02-05T02:38:17.290676Z","updateTime":"2025-02-05T02:38:17.290676Z"}]}
[debug] [2025-02-05T02:39:27.191Z] Found ruleset: projects/isabellaeichleronus-ac8fb/rulesets/747fbf73-72da-49a0-b19f-f34d761ea48e
[debug] [2025-02-05T02:39:27.191Z] Checked if tokens are valid: true, expires at: 1738726470956
[debug] [2025-02-05T02:39:27.191Z] Checked if tokens are valid: true, expires at: 1738726470956
[debug] [2025-02-05T02:39:27.192Z] >>> [apiv2][query] GET https://firebaserules.googleapis.com/v1/projects/isabellaeichleronus-ac8fb/rulesets/747fbf73-72da-49a0-b19f-f34d761ea48e [none]
[debug] [2025-02-05T02:39:28.576Z] <<< [apiv2][status] GET https://firebaserules.googleapis.com/v1/projects/isabellaeichleronus-ac8fb/rulesets/747fbf73-72da-49a0-b19f-f34d761ea48e 200
[debug] [2025-02-05T02:39:28.577Z] <<< [apiv2][body] GET https://firebaserules.googleapis.com/v1/projects/isabellaeichleronus-ac8fb/rulesets/747fbf73-72da-49a0-b19f-f34d761ea48e [omitted]
[info] 
[info] Firestore indexes allow you to perform complex queries while
[info] maintaining performance that scales with the size of the result
[info] set. You can keep index definitions in your project directory
[info] and publish them with firebase deploy.
[info] 
[debug] [2025-02-05T02:39:41.488Z] Checked if tokens are valid: true, expires at: 1738726470956
[debug] [2025-02-05T02:39:41.488Z] Checked if tokens are valid: true, expires at: 1738726470956
[debug] [2025-02-05T02:39:41.489Z] Checked if tokens are valid: true, expires at: 1738726470956
[debug] [2025-02-05T02:39:41.489Z] Checked if tokens are valid: true, expires at: 1738726470956
[debug] [2025-02-05T02:39:41.489Z] >>> [apiv2][query] GET https://firestore.googleapis.com/v1/projects/isabellaeichleronus-ac8fb/databases/(default)/collectionGroups/-/indexes [none]
[debug] [2025-02-05T02:39:41.490Z] >>> [apiv2][query] GET https://firestore.googleapis.com/v1/projects/isabellaeichleronus-ac8fb/databases/(default)/collectionGroups/-/fields?filter=indexConfig.usesAncestorConfig=false OR ttlConfig:* [none]
[debug] [2025-02-05T02:39:42.029Z] <<< [apiv2][status] GET https://firestore.googleapis.com/v1/projects/isabellaeichleronus-ac8fb/databases/(default)/collectionGroups/-/indexes 200
[debug] [2025-02-05T02:39:42.029Z] <<< [apiv2][body] GET https://firestore.googleapis.com/v1/projects/isabellaeichleronus-ac8fb/databases/(default)/collectionGroups/-/indexes {}
[debug] [2025-02-05T02:39:42.345Z] <<< [apiv2][status] GET https://firestore.googleapis.com/v1/projects/isabellaeichleronus-ac8fb/databases/(default)/collectionGroups/-/fields?filter=indexConfig.usesAncestorConfig=false OR ttlConfig:* 200
[debug] [2025-02-05T02:39:42.346Z] <<< [apiv2][body] GET https://firestore.googleapis.com/v1/projects/isabellaeichleronus-ac8fb/databases/(default)/collectionGroups/-/fields?filter=indexConfig.usesAncestorConfig=false OR ttlConfig:* {"fields":[{"name":"projects/isabellaeichleronus-ac8fb/databases/(default)/collectionGroups/__default__/fields/*","indexConfig":{"indexes":[{"queryScope":"COLLECTION","fields":[{"fieldPath":"*","order":"ASCENDING"}],"state":"READY"},{"queryScope":"COLLECTION","fields":[{"fieldPath":"*","order":"DESCENDING"}],"state":"READY"},{"queryScope":"COLLECTION","fields":[{"fieldPath":"*","arrayConfig":"CONTAINS"}],"state":"READY"}]}}]}
[info] 
=== Genkit Setup
[debug] [2025-02-05T02:41:00.830Z] > command requires scopes: ["email","openid","https://www.googleapis.com/auth/cloudplatformprojects.readonly","https://www.googleapis.com/auth/firebase","https://www.googleapis.com/auth/cloud-platform"]
[debug] [2025-02-05T02:41:00.830Z] > authorizing via signed-in user (bronihill8@gmail.com)
[debug] [2025-02-05T02:41:00.831Z] [iam] checking project isabellaeichleronus-ac8fb for permissions ["firebase.projects.get"]
[debug] [2025-02-05T02:41:00.831Z] Checked if tokens are valid: true, expires at: 1738726470956
[debug] [2025-02-05T02:41:00.831Z] Checked if tokens are valid: true, expires at: 1738726470956
[debug] [2025-02-05T02:41:00.831Z] >>> [apiv2][query] POST https://cloudresourcemanager.googleapis.com/v1/projects/isabellaeichleronus-ac8fb:testIamPermissions [none]
[debug] [2025-02-05T02:41:00.831Z] >>> [apiv2][(partial)header] POST https://cloudresourcemanager.googleapis.com/v1/projects/isabellaeichleronus-ac8fb:testIamPermissions x-goog-quota-user=projects/isabellaeichleronus-ac8fb
[debug] [2025-02-05T02:41:00.831Z] >>> [apiv2][body] POST https://cloudresourcemanager.googleapis.com/v1/projects/isabellaeichleronus-ac8fb:testIamPermissions {"permissions":["firebase.projects.get"]}
[debug] [2025-02-05T02:41:02.337Z] <<< [apiv2][status] POST https://cloudresourcemanager.googleapis.com/v1/projects/isabellaeichleronus-ac8fb:testIamPermissions 200
[debug] [2025-02-05T02:41:02.338Z] <<< [apiv2][body] POST https://cloudresourcemanager.googleapis.com/v1/projects/isabellaeichleronus-ac8fb:testIamPermissions {"permissions":["firebase.projects.get"]}
[debug] [2025-02-05T02:41:02.338Z] Checked if tokens are valid: true, expires at: 1738726470956
[debug] [2025-02-05T02:41:02.338Z] Checked if tokens are valid: true, expires at: 1738726470956
[debug] [2025-02-05T02:41:02.338Z] Checked if tokens are valid: true, expires at: 1738726470956
[debug] [2025-02-05T02:41:02.338Z] Checked if tokens are valid: true, expires at: 1738726470956
[debug] [2025-02-05T02:41:02.338Z] >>> [apiv2][query] GET https://serviceusage.googleapis.com/v1/projects/isabellaeichleronus-ac8fb/services/cloudfunctions.googleapis.com [none]
[debug] [2025-02-05T02:41:02.338Z] >>> [apiv2][(partial)header] GET https://serviceusage.googleapis.com/v1/projects/isabellaeichleronus-ac8fb/services/cloudfunctions.googleapis.com x-goog-quota-user=projects/isabellaeichleronus-ac8fb
[debug] [2025-02-05T02:41:02.340Z] >>> [apiv2][query] GET https://serviceusage.googleapis.com/v1/projects/isabellaeichleronus-ac8fb/services/runtimeconfig.googleapis.com [none]
[debug] [2025-02-05T02:41:02.341Z] >>> [apiv2][(partial)header] GET https://serviceusage.googleapis.com/v1/projects/isabellaeichleronus-ac8fb/services/runtimeconfig.googleapis.com x-goog-quota-user=projects/isabellaeichleronus-ac8fb
[debug] [2025-02-05T02:41:02.915Z] <<< [apiv2][status] GET https://serviceusage.googleapis.com/v1/projects/isabellaeichleronus-ac8fb/services/runtimeconfig.googleapis.com 200
[debug] [2025-02-05T02:41:02.915Z] <<< [apiv2][body] GET https://serviceusage.googleapis.com/v1/projects/isabellaeichleronus-ac8fb/services/runtimeconfig.googleapis.com [omitted]
[debug] [2025-02-05T02:41:03.787Z] <<< [apiv2][status] GET https://serviceusage.googleapis.com/v1/projects/isabellaeichleronus-ac8fb/services/cloudfunctions.googleapis.com 200
[debug] [2025-02-05T02:41:03.787Z] <<< [apiv2][body] GET https://serviceusage.googleapis.com/v1/projects/isabellaeichleronus-ac8fb/services/cloudfunctions.googleapis.com [omitted]
[debug] [2025-02-05T02:41:03.788Z] Checked if tokens are valid: true, expires at: 1738726470956
[debug] [2025-02-05T02:41:03.788Z] Checked if tokens are valid: true, expires at: 1738726470956
[debug] [2025-02-05T02:41:03.788Z] >>> [apiv2][query] POST https://serviceusage.googleapis.com/v1/projects/isabellaeichleronus-ac8fb/services/cloudfunctions.googleapis.com:enable [none]
[debug] [2025-02-05T02:41:03.788Z] >>> [apiv2][(partial)header] POST https://serviceusage.googleapis.com/v1/projects/isabellaeichleronus-ac8fb/services/cloudfunctions.googleapis.com:enable x-goog-quota-user=projects/isabellaeichleronus-ac8fb
[debug] [2025-02-05T02:41:04.318Z] <<< [apiv2][status] POST https://serviceusage.googleapis.com/v1/projects/isabellaeichleronus-ac8fb/services/cloudfunctions.googleapis.com:enable 200
[debug] [2025-02-05T02:41:04.318Z] <<< [apiv2][body] POST https://serviceusage.googleapis.com/v1/projects/isabellaeichleronus-ac8fb/services/cloudfunctions.googleapis.com:enable [omitted]
[debug] [2025-02-05T02:41:14.320Z] Checked if tokens are valid: true, expires at: 1738726470956
[debug] [2025-02-05T02:41:14.320Z] Checked if tokens are valid: true, expires at: 1738726470956
[debug] [2025-02-05T02:41:14.321Z] >>> [apiv2][query] GET https://serviceusage.googleapis.com/v1/projects/isabellaeichleronus-ac8fb/services/cloudfunctions.googleapis.com [none]
[debug] [2025-02-05T02:41:14.321Z] >>> [apiv2][(partial)header] GET https://serviceusage.googleapis.com/v1/projects/isabellaeichleronus-ac8fb/services/cloudfunctions.googleapis.com x-goog-quota-user=projects/isabellaeichleronus-ac8fb
[debug] [2025-02-05T02:41:15.807Z] <<< [apiv2][status] GET https://serviceusage.googleapis.com/v1/projects/isabellaeichleronus-ac8fb/services/cloudfunctions.googleapis.com 200
[debug] [2025-02-05T02:41:15.808Z] <<< [apiv2][body] GET https://serviceusage.googleapis.com/v1/projects/isabellaeichleronus-ac8fb/services/cloudfunctions.googleapis.com [omitted]
[info] Let's create a new codebase for your functions.
[info] A directory corresponding to the codebase will be created in your project
[info] with sample code pre-configured.

[info] See https://firebase.google.com/docs/functions/organize-functions for
[info] more information on organizing your functions using codebases.

[info] Functions can be deployed with firebase deploy.

[info] ✔  Wrote functions/package.json 
[info] ✔  Wrote functions/.eslintrc.js 
[info] ✔  Wrote functions/tsconfig.json 
[info] ✔  Wrote functions/tsconfig.dev.json 
[info] ✔  Wrote functions/src/index.ts 
[info] ✔  Wrote functions/.gitignore 
[info] 
[info] i  genkit: Installing Genkit CLI version 0.9.12
 
[info] i  genkit: Installing NPM packages for genkit 
[info] ✔  genkit: Successfully installed NPM packages 
[info] i  genkit: Updating tsconfig.json 
[info] ✔  genkit: Successfully updated tsconfig.json 
[info] i  genkit: Updating package.json 
[info] ✔  genkit: Successfully updated package.json 
[info] i  genkit: Generating sample file 
[info] ✔  genkit: Successfully generated sample file (src/genkit-sample.ts) 
[info] Start the Genkit developer experience by running:
[info]     cd functions && npm run genkit:start
[info] 
=== Functions Setup
[debug] [2025-02-05T02:44:01.642Z] > command requires scopes: ["email","openid","https://www.googleapis.com/auth/cloudplatformprojects.readonly","https://www.googleapis.com/auth/firebase","https://www.googleapis.com/auth/cloud-platform"]
[debug] [2025-02-05T02:44:01.642Z] > authorizing via signed-in user (bronihill8@gmail.com)
[debug] [2025-02-05T02:44:01.643Z] [iam] checking project isabellaeichleronus-ac8fb for permissions ["firebase.projects.get"]
[debug] [2025-02-05T02:44:01.643Z] Checked if tokens are valid: true, expires at: 1738726470956
[debug] [2025-02-05T02:44:01.643Z] Checked if tokens are valid: true, expires at: 1738726470956
[debug] [2025-02-05T02:44:01.643Z] >>> [apiv2][query] POST https://cloudresourcemanager.googleapis.com/v1/projects/isabellaeichleronus-ac8fb:testIamPermissions [none]
[debug] [2025-02-05T02:44:01.643Z] >>> [apiv2][(partial)header] POST https://cloudresourcemanager.googleapis.com/v1/projects/isabellaeichleronus-ac8fb:testIamPermissions x-goog-quota-user=projects/isabellaeichleronus-ac8fb
[debug] [2025-02-05T02:44:01.643Z] >>> [apiv2][body] POST https://cloudresourcemanager.googleapis.com/v1/projects/isabellaeichleronus-ac8fb:testIamPermissions {"permissions":["firebase.projects.get"]}
[debug] [2025-02-05T02:44:02.296Z] <<< [apiv2][status] POST https://cloudresourcemanager.googleapis.com/v1/projects/isabellaeichleronus-ac8fb:testIamPermissions 200
[debug] [2025-02-05T02:44:02.297Z] <<< [apiv2][body] POST https://cloudresourcemanager.googleapis.com/v1/projects/isabellaeichleronus-ac8fb:testIamPermissions {"permissions":["firebase.projects.get"]}
[debug] [2025-02-05T02:44:02.297Z] Checked if tokens are valid: true, expires at: 1738726470956
[debug] [2025-02-05T02:44:02.297Z] Checked if tokens are valid: true, expires at: 1738726470956
[debug] [2025-02-05T02:44:02.297Z] Checked if tokens are valid: true, expires at: 1738726470956
[debug] [2025-02-05T02:44:02.297Z] Checked if tokens are valid: true, expires at: 1738726470956
[debug] [2025-02-05T02:44:02.297Z] >>> [apiv2][query] GET https://serviceusage.googleapis.com/v1/projects/isabellaeichleronus-ac8fb/services/cloudfunctions.googleapis.com [none]
[debug] [2025-02-05T02:44:02.298Z] >>> [apiv2][(partial)header] GET https://serviceusage.googleapis.com/v1/projects/isabellaeichleronus-ac8fb/services/cloudfunctions.googleapis.com x-goog-quota-user=projects/isabellaeichleronus-ac8fb
[debug] [2025-02-05T02:44:02.299Z] >>> [apiv2][query] GET https://serviceusage.googleapis.com/v1/projects/isabellaeichleronus-ac8fb/services/runtimeconfig.googleapis.com [none]
[debug] [2025-02-05T02:44:02.299Z] >>> [apiv2][(partial)header] GET https://serviceusage.googleapis.com/v1/projects/isabellaeichleronus-ac8fb/services/runtimeconfig.googleapis.com x-goog-quota-user=projects/isabellaeichleronus-ac8fb
[debug] [2025-02-05T02:44:03.911Z] <<< [apiv2][status] GET https://serviceusage.googleapis.com/v1/projects/isabellaeichleronus-ac8fb/services/runtimeconfig.googleapis.com 200
[debug] [2025-02-05T02:44:03.911Z] <<< [apiv2][body] GET https://serviceusage.googleapis.com/v1/projects/isabellaeichleronus-ac8fb/services/runtimeconfig.googleapis.com [omitted]
[debug] [2025-02-05T02:44:03.920Z] <<< [apiv2][status] GET https://serviceusage.googleapis.com/v1/projects/isabellaeichleronus-ac8fb/services/cloudfunctions.googleapis.com 200
[debug] [2025-02-05T02:44:03.920Z] <<< [apiv2][body] GET https://serviceusage.googleapis.com/v1/projects/isabellaeichleronus-ac8fb/services/cloudfunctions.googleapis.com [omitted]
[info] 
Detected existing codebase(s): default

